mode: set
/Users/adechen/Projects/bookstore/bookstore.go:59.34,62.16 3 1
/Users/adechen/Projects/bookstore/bookstore.go:65.2,67.16 3 1
/Users/adechen/Projects/bookstore/bookstore.go:72.2,73.38 2 1
/Users/adechen/Projects/bookstore/bookstore.go:62.16,64.3 1 0
/Users/adechen/Projects/bookstore/bookstore.go:67.16,69.3 1 0
/Users/adechen/Projects/bookstore/bookstore.go:77.41,80.2 2 1
/Users/adechen/Projects/bookstore/bookstore.go:83.57,98.2 3 1
/Users/adechen/Projects/bookstore/bookstore.go:101.46,105.16 4 1
/Users/adechen/Projects/bookstore/bookstore.go:108.2,110.23 2 1
/Users/adechen/Projects/bookstore/bookstore.go:118.2,118.34 1 1
/Users/adechen/Projects/bookstore/bookstore.go:122.2,122.19 1 1
/Users/adechen/Projects/bookstore/bookstore.go:105.16,107.3 1 0
/Users/adechen/Projects/bookstore/bookstore.go:110.23,112.43 2 1
/Users/adechen/Projects/bookstore/bookstore.go:115.3,115.30 1 1
/Users/adechen/Projects/bookstore/bookstore.go:112.43,114.4 1 0
/Users/adechen/Projects/bookstore/bookstore.go:118.34,120.3 1 0
/Users/adechen/Projects/bookstore/bookstore.go:126.53,129.16 3 1
/Users/adechen/Projects/bookstore/bookstore.go:132.2,133.42 2 1
/Users/adechen/Projects/bookstore/bookstore.go:136.2,136.18 1 1
/Users/adechen/Projects/bookstore/bookstore.go:129.16,131.3 1 0
/Users/adechen/Projects/bookstore/bookstore.go:133.42,135.3 1 0
/Users/adechen/Projects/bookstore/bookstore.go:140.38,142.16 2 1
/Users/adechen/Projects/bookstore/bookstore.go:145.2,145.51 1 1
/Users/adechen/Projects/bookstore/bookstore.go:142.16,144.3 1 0
/Users/adechen/Projects/bookstore/bookstore.go:149.37,152.2 2 1
/Users/adechen/Projects/bookstore/bookstore.go:154.60,157.2 2 0
/Users/adechen/Projects/bookstore/bookstore.go:159.59,161.16 2 1
/Users/adechen/Projects/bookstore/bookstore.go:166.2,167.18 2 1
/Users/adechen/Projects/bookstore/bookstore.go:161.16,165.3 3 0
/Users/adechen/Projects/bookstore/bookstore.go:168.14,171.17 3 1
/Users/adechen/Projects/bookstore/bookstore.go:181.13,183.17 2 1
/Users/adechen/Projects/bookstore/bookstore.go:201.16,205.16 4 1
/Users/adechen/Projects/bookstore/bookstore.go:206.10,208.46 2 0
/Users/adechen/Projects/bookstore/bookstore.go:171.17,174.4 2 0
/Users/adechen/Projects/bookstore/bookstore.go:174.9,180.4 5 1
/Users/adechen/Projects/bookstore/bookstore.go:183.17,186.4 2 0
/Users/adechen/Projects/bookstore/bookstore.go:186.9,186.24 1 1
/Users/adechen/Projects/bookstore/bookstore.go:186.24,189.4 2 0
/Users/adechen/Projects/bookstore/bookstore.go:189.9,189.24 1 1
/Users/adechen/Projects/bookstore/bookstore.go:189.24,191.4 1 0
/Users/adechen/Projects/bookstore/bookstore.go:191.9,193.18 2 1
/Users/adechen/Projects/bookstore/bookstore.go:193.18,196.5 2 0
/Users/adechen/Projects/bookstore/bookstore.go:196.10,199.5 2 1
/Users/adechen/Projects/bookstore/bookstore.go:212.58,215.16 3 1
/Users/adechen/Projects/bookstore/bookstore.go:220.2,221.18 2 1
/Users/adechen/Projects/bookstore/bookstore.go:215.16,219.3 3 0
/Users/adechen/Projects/bookstore/bookstore.go:222.13,225.17 3 1
/Users/adechen/Projects/bookstore/bookstore.go:234.13,236.17 2 1
/Users/adechen/Projects/bookstore/bookstore.go:240.3,241.17 2 1
/Users/adechen/Projects/bookstore/bookstore.go:249.16,254.20 5 1
/Users/adechen/Projects/bookstore/bookstore.go:255.10,257.46 2 0
/Users/adechen/Projects/bookstore/bookstore.go:225.17,228.4 2 0
/Users/adechen/Projects/bookstore/bookstore.go:228.9,233.4 4 1
/Users/adechen/Projects/bookstore/bookstore.go:236.17,239.4 2 0
/Users/adechen/Projects/bookstore/bookstore.go:241.17,244.4 2 0
/Users/adechen/Projects/bookstore/bookstore.go:244.9,248.4 3 1
/Users/adechen/Projects/bookstore/bookstore.go:277.13,289.2 6 0
